<?xml version="1.0" encoding="UTF-8"?>
<!-- Generated by org.testng.reporters.JUnitReportReporter -->
<testsuite skipped="0" hostname="sony-VAIO" name="Sample" tests="1" failures="0" timestamp="04 Sep 2017 09:12:39 GMT" time="11.714" errors="0">
  <testcase name="login" time="11.714" classname="Sample"/>
</testsuite> <!-- Sample -->
